<?xml version="1.0" encoding="UTF-8"?>
<!-- Generated by org.testng.reporters.JUnitXMLReporter -->
<testsuite ignored="0" hostname="DESKTOP-G2L7LTM" failures="0" tests="3" name="Test" time="6.426" errors="0" timestamp="2021-01-05T18:49:42 IST">
  <testcase classname="com.voya.testcases.GitHubSignInTestCase1" name="@BeforeClass setup" time="3.484">
    <failure type="org.openqa.selenium.SessionNotCreatedException" message="session not created: This version of ChromeDriver only supports Chrome version 80
Build info: version: &amp;apos;4.0.0-alpha-5&amp;apos;, revision: &amp;apos;b3a0d621cc&amp;apos;
System info: host: &amp;apos;DESKTOP-G2L7LTM&amp;apos;, ip: &amp;apos;192.168.1.102&amp;apos;, os.name: &amp;apos;Windows 10&amp;apos;, os.arch: &amp;apos;amd64&amp;apos;, os.version: &amp;apos;10.0&amp;apos;, java.version: &amp;apos;11.0.6&amp;apos;
Driver info: driver.version: ChromeDriver
remote stacktrace: Backtrace:
	Ordinal0 [0x00270C83+1707139]
	Ordinal0 [0x001D68F1+1075441]
	Ordinal0 [0x0014DFC9+516041]
	Ordinal0 [0x000E0554+66900]
	Ordinal0 [0x000DCCE2+52450]
	Ordinal0 [0x000FBFD7+180183]
	Ordinal0 [0x000FBDDD+179677]
	Ordinal0 [0x000F9D4B+171339]
	Ordinal0 [0x000E1D4A+73034]
	Ordinal0 [0x000E2DC0+77248]
	Ordinal0 [0x000E2D59+77145]
	Ordinal0 [0x001EBB67+1162087]
	GetHandleVerifier [0x0030A966+508998]
	GetHandleVerifier [0x0030A6A4+508292]
	GetHandleVerifier [0x0031F7B7+594583]
	GetHandleVerifier [0x0030B1D6+511158]
	Ordinal0 [0x001E402C+1130540]
	Ordinal0 [0x001ED4CB+1168587]
	Ordinal0 [0x001ED633+1168947]
	Ordinal0 [0x00205B35+1268533]
	BaseThreadInitThunk [0x7700FA29+25]
	RtlGetAppContainerNamedObjectPath [0x779F75F4+228]
	RtlGetAppContainerNamedObjectPath [0x779F75C4+180]
	(No symbol) [0x00000000]
">
      <![CDATA[org.openqa.selenium.SessionNotCreatedException: session not created: This version of ChromeDriver only supports Chrome version 80
Build info: version: '4.0.0-alpha-5', revision: 'b3a0d621cc'
System info: host: 'DESKTOP-G2L7LTM', ip: '192.168.1.102', os.name: 'Windows 10', os.arch: 'amd64', os.version: '10.0', java.version: '11.0.6'
Driver info: driver.version: ChromeDriver
remote stacktrace: Backtrace:
Ordinal0 [0x00270C83+1707139]
Ordinal0 [0x001D68F1+1075441]
Ordinal0 [0x0014DFC9+516041]
Ordinal0 [0x000E0554+66900]
Ordinal0 [0x000DCCE2+52450]
Ordinal0 [0x000FBFD7+180183]
Ordinal0 [0x000FBDDD+179677]
Ordinal0 [0x000F9D4B+171339]
Ordinal0 [0x000E1D4A+73034]
Ordinal0 [0x000E2DC0+77248]
Ordinal0 [0x000E2D59+77145]
Ordinal0 [0x001EBB67+1162087]
GetHandleVerifier [0x0030A966+508998]
GetHandleVerifier [0x0030A6A4+508292]
GetHandleVerifier [0x0031F7B7+594583]
GetHandleVerifier [0x0030B1D6+511158]
Ordinal0 [0x001E402C+1130540]
Ordinal0 [0x001ED4CB+1168587]
Ordinal0 [0x001ED633+1168947]
Ordinal0 [0x00205B35+1268533]
BaseThreadInitThunk [0x7700FA29+25]
RtlGetAppContainerNamedObjectPath [0x779F75F4+228]
RtlGetAppContainerNamedObjectPath [0x779F75C4+180]
(No symbol) [0x00000000]

at org.openqa.selenium.remote.W3CHandshakeResponse.lambda$errorHandler$0(W3CHandshakeResponse.java:62)
at org.openqa.selenium.remote.HandshakeResponse.lambda$getResponseFunction$0(HandshakeResponse.java:30)
at org.openqa.selenium.remote.ProtocolHandshake.lambda$createSession$1(ProtocolHandshake.java:126)
at java.base/java.util.stream.ReferencePipeline$3$1.accept(ReferencePipeline.java:195)
at java.base/java.util.Spliterators$ArraySpliterator.tryAdvance(Spliterators.java:958)
at java.base/java.util.stream.ReferencePipeline.forEachWithCancel(ReferencePipeline.java:127)
at java.base/java.util.stream.AbstractPipeline.copyIntoWithCancel(AbstractPipeline.java:502)
at java.base/java.util.stream.AbstractPipeline.copyInto(AbstractPipeline.java:488)
at java.base/java.util.stream.AbstractPipeline.wrapAndCopyInto(AbstractPipeline.java:474)
at java.base/java.util.stream.FindOps$FindOp.evaluateSequential(FindOps.java:150)
at java.base/java.util.stream.AbstractPipeline.evaluate(AbstractPipeline.java:234)
at java.base/java.util.stream.ReferencePipeline.findFirst(ReferencePipeline.java:543)
at org.openqa.selenium.remote.ProtocolHandshake.createSession(ProtocolHandshake.java:128)
at org.openqa.selenium.remote.ProtocolHandshake.createSession(ProtocolHandshake.java:75)
at org.openqa.selenium.remote.HttpCommandExecutor.execute(HttpCommandExecutor.java:139)
at org.openqa.selenium.remote.service.DriverCommandExecutor.execute(DriverCommandExecutor.java:83)
at org.openqa.selenium.remote.RemoteWebDriver.execute(RemoteWebDriver.java:582)
at org.openqa.selenium.remote.RemoteWebDriver.startSession(RemoteWebDriver.java:216)
at org.openqa.selenium.remote.RemoteWebDriver.<init>(RemoteWebDriver.java:136)
at org.openqa.selenium.chromium.ChromiumDriver.<init>(ChromiumDriver.java:75)
at org.openqa.selenium.chrome.ChromeDriver.<init>(ChromeDriver.java:163)
at org.openqa.selenium.chrome.ChromeDriver.<init>(ChromeDriver.java:150)
at org.openqa.selenium.chrome.ChromeDriver.<init>(ChromeDriver.java:105)
at com.voya.data.Base.BrowserInitialization(Base.java:52)
at com.voya.testcases.GitHubSignInTestCase1.setup(GitHubSignInTestCase1.java:18)
at java.base/java.util.ArrayList.forEach(ArrayList.java:1540)
... Removed 29 stack frames]]>
    </failure>
  </testcase> <!-- @BeforeClass setup -->
  <testcase classname="com.voya.testcases.GitHubSignInTestCase1" name="@AfterClass teardown" time="-1.609852779309E9">
    <skipped/>
  </testcase> <!-- @AfterClass teardown -->
  <testcase classname="com.voya.testcases.GitHubLoginTestCase2" name="@BeforeClass setup" time="1.412">
    <failure type="org.openqa.selenium.SessionNotCreatedException" message="session not created: This version of ChromeDriver only supports Chrome version 80
Build info: version: &amp;apos;4.0.0-alpha-5&amp;apos;, revision: &amp;apos;b3a0d621cc&amp;apos;
System info: host: &amp;apos;DESKTOP-G2L7LTM&amp;apos;, ip: &amp;apos;192.168.1.102&amp;apos;, os.name: &amp;apos;Windows 10&amp;apos;, os.arch: &amp;apos;amd64&amp;apos;, os.version: &amp;apos;10.0&amp;apos;, java.version: &amp;apos;11.0.6&amp;apos;
Driver info: driver.version: ChromeDriver
remote stacktrace: Backtrace:
	Ordinal0 [0x00270C83+1707139]
	Ordinal0 [0x001D68F1+1075441]
	Ordinal0 [0x0014DFC9+516041]
	Ordinal0 [0x000E0554+66900]
	Ordinal0 [0x000DCCE2+52450]
	Ordinal0 [0x000FBFD7+180183]
	Ordinal0 [0x000FBDDD+179677]
	Ordinal0 [0x000F9D4B+171339]
	Ordinal0 [0x000E1D4A+73034]
	Ordinal0 [0x000E2DC0+77248]
	Ordinal0 [0x000E2D59+77145]
	Ordinal0 [0x001EBB67+1162087]
	GetHandleVerifier [0x0030A966+508998]
	GetHandleVerifier [0x0030A6A4+508292]
	GetHandleVerifier [0x0031F7B7+594583]
	GetHandleVerifier [0x0030B1D6+511158]
	Ordinal0 [0x001E402C+1130540]
	Ordinal0 [0x001ED4CB+1168587]
	Ordinal0 [0x001ED633+1168947]
	Ordinal0 [0x00205B35+1268533]
	BaseThreadInitThunk [0x7700FA29+25]
	RtlGetAppContainerNamedObjectPath [0x779F75F4+228]
	RtlGetAppContainerNamedObjectPath [0x779F75C4+180]
	(No symbol) [0x00000000]
">
      <![CDATA[org.openqa.selenium.SessionNotCreatedException: session not created: This version of ChromeDriver only supports Chrome version 80
Build info: version: '4.0.0-alpha-5', revision: 'b3a0d621cc'
System info: host: 'DESKTOP-G2L7LTM', ip: '192.168.1.102', os.name: 'Windows 10', os.arch: 'amd64', os.version: '10.0', java.version: '11.0.6'
Driver info: driver.version: ChromeDriver
remote stacktrace: Backtrace:
Ordinal0 [0x00270C83+1707139]
Ordinal0 [0x001D68F1+1075441]
Ordinal0 [0x0014DFC9+516041]
Ordinal0 [0x000E0554+66900]
Ordinal0 [0x000DCCE2+52450]
Ordinal0 [0x000FBFD7+180183]
Ordinal0 [0x000FBDDD+179677]
Ordinal0 [0x000F9D4B+171339]
Ordinal0 [0x000E1D4A+73034]
Ordinal0 [0x000E2DC0+77248]
Ordinal0 [0x000E2D59+77145]
Ordinal0 [0x001EBB67+1162087]
GetHandleVerifier [0x0030A966+508998]
GetHandleVerifier [0x0030A6A4+508292]
GetHandleVerifier [0x0031F7B7+594583]
GetHandleVerifier [0x0030B1D6+511158]
Ordinal0 [0x001E402C+1130540]
Ordinal0 [0x001ED4CB+1168587]
Ordinal0 [0x001ED633+1168947]
Ordinal0 [0x00205B35+1268533]
BaseThreadInitThunk [0x7700FA29+25]
RtlGetAppContainerNamedObjectPath [0x779F75F4+228]
RtlGetAppContainerNamedObjectPath [0x779F75C4+180]
(No symbol) [0x00000000]

at org.openqa.selenium.remote.W3CHandshakeResponse.lambda$errorHandler$0(W3CHandshakeResponse.java:62)
at org.openqa.selenium.remote.HandshakeResponse.lambda$getResponseFunction$0(HandshakeResponse.java:30)
at org.openqa.selenium.remote.ProtocolHandshake.lambda$createSession$1(ProtocolHandshake.java:126)
at java.base/java.util.stream.ReferencePipeline$3$1.accept(ReferencePipeline.java:195)
at java.base/java.util.Spliterators$ArraySpliterator.tryAdvance(Spliterators.java:958)
at java.base/java.util.stream.ReferencePipeline.forEachWithCancel(ReferencePipeline.java:127)
at java.base/java.util.stream.AbstractPipeline.copyIntoWithCancel(AbstractPipeline.java:502)
at java.base/java.util.stream.AbstractPipeline.copyInto(AbstractPipeline.java:488)
at java.base/java.util.stream.AbstractPipeline.wrapAndCopyInto(AbstractPipeline.java:474)
at java.base/java.util.stream.FindOps$FindOp.evaluateSequential(FindOps.java:150)
at java.base/java.util.stream.AbstractPipeline.evaluate(AbstractPipeline.java:234)
at java.base/java.util.stream.ReferencePipeline.findFirst(ReferencePipeline.java:543)
at org.openqa.selenium.remote.ProtocolHandshake.createSession(ProtocolHandshake.java:128)
at org.openqa.selenium.remote.ProtocolHandshake.createSession(ProtocolHandshake.java:75)
at org.openqa.selenium.remote.HttpCommandExecutor.execute(HttpCommandExecutor.java:139)
at org.openqa.selenium.remote.service.DriverCommandExecutor.execute(DriverCommandExecutor.java:83)
at org.openqa.selenium.remote.RemoteWebDriver.execute(RemoteWebDriver.java:582)
at org.openqa.selenium.remote.RemoteWebDriver.startSession(RemoteWebDriver.java:216)
at org.openqa.selenium.remote.RemoteWebDriver.<init>(RemoteWebDriver.java:136)
at org.openqa.selenium.chromium.ChromiumDriver.<init>(ChromiumDriver.java:75)
at org.openqa.selenium.chrome.ChromeDriver.<init>(ChromeDriver.java:163)
at org.openqa.selenium.chrome.ChromeDriver.<init>(ChromeDriver.java:150)
at org.openqa.selenium.chrome.ChromeDriver.<init>(ChromeDriver.java:105)
at com.voya.data.Base.BrowserInitialization(Base.java:52)
at com.voya.testcases.GitHubLoginTestCase2.setup(GitHubLoginTestCase2.java:18)
at java.base/java.util.ArrayList.forEach(ArrayList.java:1540)
... Removed 29 stack frames]]>
    </failure>
  </testcase> <!-- @BeforeClass setup -->
  <testcase classname="com.voya.testcases.GitHubLoginTestCase2" name="@AfterClass teardown" time="-1.609852780744E9">
    <skipped/>
  </testcase> <!-- @AfterClass teardown -->
  <testcase classname="com.voya.testcases.GitHubHomePageTestCase3" name="@BeforeClass setup" time="1.431">
    <failure type="org.openqa.selenium.SessionNotCreatedException" message="session not created: This version of ChromeDriver only supports Chrome version 80
Build info: version: &amp;apos;4.0.0-alpha-5&amp;apos;, revision: &amp;apos;b3a0d621cc&amp;apos;
System info: host: &amp;apos;DESKTOP-G2L7LTM&amp;apos;, ip: &amp;apos;192.168.1.102&amp;apos;, os.name: &amp;apos;Windows 10&amp;apos;, os.arch: &amp;apos;amd64&amp;apos;, os.version: &amp;apos;10.0&amp;apos;, java.version: &amp;apos;11.0.6&amp;apos;
Driver info: driver.version: ChromeDriver
remote stacktrace: Backtrace:
	Ordinal0 [0x00270C83+1707139]
	Ordinal0 [0x001D68F1+1075441]
	Ordinal0 [0x0014DFC9+516041]
	Ordinal0 [0x000E0554+66900]
	Ordinal0 [0x000DCCE2+52450]
	Ordinal0 [0x000FBFD7+180183]
	Ordinal0 [0x000FBDDD+179677]
	Ordinal0 [0x000F9D4B+171339]
	Ordinal0 [0x000E1D4A+73034]
	Ordinal0 [0x000E2DC0+77248]
	Ordinal0 [0x000E2D59+77145]
	Ordinal0 [0x001EBB67+1162087]
	GetHandleVerifier [0x0030A966+508998]
	GetHandleVerifier [0x0030A6A4+508292]
	GetHandleVerifier [0x0031F7B7+594583]
	GetHandleVerifier [0x0030B1D6+511158]
	Ordinal0 [0x001E402C+1130540]
	Ordinal0 [0x001ED4CB+1168587]
	Ordinal0 [0x001ED633+1168947]
	Ordinal0 [0x00205B35+1268533]
	BaseThreadInitThunk [0x7700FA29+25]
	RtlGetAppContainerNamedObjectPath [0x779F75F4+228]
	RtlGetAppContainerNamedObjectPath [0x779F75C4+180]
	(No symbol) [0x00000000]
">
      <![CDATA[org.openqa.selenium.SessionNotCreatedException: session not created: This version of ChromeDriver only supports Chrome version 80
Build info: version: '4.0.0-alpha-5', revision: 'b3a0d621cc'
System info: host: 'DESKTOP-G2L7LTM', ip: '192.168.1.102', os.name: 'Windows 10', os.arch: 'amd64', os.version: '10.0', java.version: '11.0.6'
Driver info: driver.version: ChromeDriver
remote stacktrace: Backtrace:
Ordinal0 [0x00270C83+1707139]
Ordinal0 [0x001D68F1+1075441]
Ordinal0 [0x0014DFC9+516041]
Ordinal0 [0x000E0554+66900]
Ordinal0 [0x000DCCE2+52450]
Ordinal0 [0x000FBFD7+180183]
Ordinal0 [0x000FBDDD+179677]
Ordinal0 [0x000F9D4B+171339]
Ordinal0 [0x000E1D4A+73034]
Ordinal0 [0x000E2DC0+77248]
Ordinal0 [0x000E2D59+77145]
Ordinal0 [0x001EBB67+1162087]
GetHandleVerifier [0x0030A966+508998]
GetHandleVerifier [0x0030A6A4+508292]
GetHandleVerifier [0x0031F7B7+594583]
GetHandleVerifier [0x0030B1D6+511158]
Ordinal0 [0x001E402C+1130540]
Ordinal0 [0x001ED4CB+1168587]
Ordinal0 [0x001ED633+1168947]
Ordinal0 [0x00205B35+1268533]
BaseThreadInitThunk [0x7700FA29+25]
RtlGetAppContainerNamedObjectPath [0x779F75F4+228]
RtlGetAppContainerNamedObjectPath [0x779F75C4+180]
(No symbol) [0x00000000]

at org.openqa.selenium.remote.W3CHandshakeResponse.lambda$errorHandler$0(W3CHandshakeResponse.java:62)
at org.openqa.selenium.remote.HandshakeResponse.lambda$getResponseFunction$0(HandshakeResponse.java:30)
at org.openqa.selenium.remote.ProtocolHandshake.lambda$createSession$1(ProtocolHandshake.java:126)
at java.base/java.util.stream.ReferencePipeline$3$1.accept(ReferencePipeline.java:195)
at java.base/java.util.Spliterators$ArraySpliterator.tryAdvance(Spliterators.java:958)
at java.base/java.util.stream.ReferencePipeline.forEachWithCancel(ReferencePipeline.java:127)
at java.base/java.util.stream.AbstractPipeline.copyIntoWithCancel(AbstractPipeline.java:502)
at java.base/java.util.stream.AbstractPipeline.copyInto(AbstractPipeline.java:488)
at java.base/java.util.stream.AbstractPipeline.wrapAndCopyInto(AbstractPipeline.java:474)
at java.base/java.util.stream.FindOps$FindOp.evaluateSequential(FindOps.java:150)
at java.base/java.util.stream.AbstractPipeline.evaluate(AbstractPipeline.java:234)
at java.base/java.util.stream.ReferencePipeline.findFirst(ReferencePipeline.java:543)
at org.openqa.selenium.remote.ProtocolHandshake.createSession(ProtocolHandshake.java:128)
at org.openqa.selenium.remote.ProtocolHandshake.createSession(ProtocolHandshake.java:75)
at org.openqa.selenium.remote.HttpCommandExecutor.execute(HttpCommandExecutor.java:139)
at org.openqa.selenium.remote.service.DriverCommandExecutor.execute(DriverCommandExecutor.java:83)
at org.openqa.selenium.remote.RemoteWebDriver.execute(RemoteWebDriver.java:582)
at org.openqa.selenium.remote.RemoteWebDriver.startSession(RemoteWebDriver.java:216)
at org.openqa.selenium.remote.RemoteWebDriver.<init>(RemoteWebDriver.java:136)
at org.openqa.selenium.chromium.ChromiumDriver.<init>(ChromiumDriver.java:75)
at org.openqa.selenium.chrome.ChromeDriver.<init>(ChromeDriver.java:163)
at org.openqa.selenium.chrome.ChromeDriver.<init>(ChromeDriver.java:150)
at org.openqa.selenium.chrome.ChromeDriver.<init>(ChromeDriver.java:105)
at com.voya.data.Base.BrowserInitialization(Base.java:52)
at com.voya.testcases.GitHubHomePageTestCase3.setup(GitHubHomePageTestCase3.java:18)
at java.base/java.util.ArrayList.forEach(ArrayList.java:1540)
... Removed 29 stack frames]]>
    </failure>
  </testcase> <!-- @BeforeClass setup -->
  <testcase classname="com.voya.testcases.GitHubHomePageTestCase3" name="@AfterClass teardown" time="-1.609852782182E9">
    <skipped/>
  </testcase> <!-- @AfterClass teardown -->
  <testcase classname="com.voya.testcases.GitHubSignInTestCase1" name="SigninLinktestcase1" time="0.0">
    <skipped/>
  </testcase> <!-- SigninLinktestcase1 -->
  <testcase classname="com.voya.testcases.GitHubLoginTestCase2" name="GitHublogintestcase2" time="0.0">
    <skipped/>
  </testcase> <!-- GitHublogintestcase2 -->
  <testcase classname="com.voya.testcases.GitHubHomePageTestCase3" name="GitHubHomeTestcase3" time="0.0">
    <skipped/>
  </testcase> <!-- GitHubHomeTestcase3 -->
</testsuite> <!-- Test -->
