<?xml version="1.0" encoding="UTF-8"?>
<!-- Generated by org.testng.reporters.JUnitReportReporter -->
<testsuite hostname="DESKTOP-G2L7LTM" failures="0" tests="2" name="com.voya.testcases.GitHubHomePageTestCase3" time="1.676" errors="1" timestamp="2021-03-01T00:15:54 IST" skipped="1">
  <testcase classname="com.voya.testcases.GitHubHomePageTestCase3" name="setup" time="1.676">
    <error message="session not created: This version of ChromeDriver only supports Chrome version 80
Build info: version: &#039;4.0.0-alpha-5&#039;, revision: &#039;b3a0d621cc&#039;
System info: host: &#039;DESKTOP-G2L7LTM&#039;, ip: &#039;192.168.0.104&#039;, os.name: &#039;Windows 10&#039;, os.arch: &#039;amd64&#039;, os.version: &#039;10.0&#039;, java.version: &#039;11.0.6&#039;
Driver info: driver.version: ChromeDriver
remote stacktrace: Backtrace:
	Ordinal0 [0x01100C83+1707139]
	Ordinal0 [0x010668F1+1075441]
	Ordinal0 [0x00FDDFC9+516041]
	Ordinal0 [0x00F70554+66900]
	Ordinal0 [0x00F6CCE2+52450]
	Ordinal0 [0x00F8BFD7+180183]
	Ordinal0 [0x00F8BDDD+179677]
	Ordinal0 [0x00F89D4B+171339]
	Ordinal0 [0x00F71D4A+73034]
	Ordinal0 [0x00F72DC0+77248]
	Ordinal0 [0x00F72D59+77145]
	Ordinal0 [0x0107BB67+1162087]
	GetHandleVerifier [0x0119A966+508998]
	GetHandleVerifier [0x0119A6A4+508292]
	GetHandleVerifier [0x011AF7B7+594583]
	GetHandleVerifier [0x0119B1D6+511158]
	Ordinal0 [0x0107402C+1130540]
	Ordinal0 [0x0107D4CB+1168587]
	Ordinal0 [0x0107D633+1168947]
	Ordinal0 [0x01095B35+1268533]
	BaseThreadInitThunk [0x761AFA29+25]
	RtlGetAppContainerNamedObjectPath [0x776976B4+228]
	RtlGetAppContainerNamedObjectPath [0x77697684+180]
" type="org.openqa.selenium.SessionNotCreatedException">
      <![CDATA[org.openqa.selenium.SessionNotCreatedException: session not created: This version of ChromeDriver only supports Chrome version 80
Build info: version: '4.0.0-alpha-5', revision: 'b3a0d621cc'
System info: host: 'DESKTOP-G2L7LTM', ip: '192.168.0.104', os.name: 'Windows 10', os.arch: 'amd64', os.version: '10.0', java.version: '11.0.6'
Driver info: driver.version: ChromeDriver
remote stacktrace: Backtrace:
Ordinal0 [0x01100C83+1707139]
Ordinal0 [0x010668F1+1075441]
Ordinal0 [0x00FDDFC9+516041]
Ordinal0 [0x00F70554+66900]
Ordinal0 [0x00F6CCE2+52450]
Ordinal0 [0x00F8BFD7+180183]
Ordinal0 [0x00F8BDDD+179677]
Ordinal0 [0x00F89D4B+171339]
Ordinal0 [0x00F71D4A+73034]
Ordinal0 [0x00F72DC0+77248]
Ordinal0 [0x00F72D59+77145]
Ordinal0 [0x0107BB67+1162087]
GetHandleVerifier [0x0119A966+508998]
GetHandleVerifier [0x0119A6A4+508292]
GetHandleVerifier [0x011AF7B7+594583]
GetHandleVerifier [0x0119B1D6+511158]
Ordinal0 [0x0107402C+1130540]
Ordinal0 [0x0107D4CB+1168587]
Ordinal0 [0x0107D633+1168947]
Ordinal0 [0x01095B35+1268533]
BaseThreadInitThunk [0x761AFA29+25]
RtlGetAppContainerNamedObjectPath [0x776976B4+228]
RtlGetAppContainerNamedObjectPath [0x77697684+180]

at java.base/jdk.internal.reflect.NativeConstructorAccessorImpl.newInstance0(Native Method)
at java.base/jdk.internal.reflect.NativeConstructorAccessorImpl.newInstance(NativeConstructorAccessorImpl.java:62)
at java.base/jdk.internal.reflect.DelegatingConstructorAccessorImpl.newInstance(DelegatingConstructorAccessorImpl.java:45)
at java.base/java.lang.reflect.Constructor.newInstance(Constructor.java:490)
at org.openqa.selenium.remote.W3CHandshakeResponse.lambda$errorHandler$0(W3CHandshakeResponse.java:62)
at org.openqa.selenium.remote.HandshakeResponse.lambda$getResponseFunction$0(HandshakeResponse.java:30)
at org.openqa.selenium.remote.ProtocolHandshake.lambda$createSession$1(ProtocolHandshake.java:126)
at java.base/java.util.stream.ReferencePipeline$3$1.accept(ReferencePipeline.java:195)
at java.base/java.util.Spliterators$ArraySpliterator.tryAdvance(Spliterators.java:958)
at java.base/java.util.stream.ReferencePipeline.forEachWithCancel(ReferencePipeline.java:127)
at java.base/java.util.stream.AbstractPipeline.copyIntoWithCancel(AbstractPipeline.java:502)
at java.base/java.util.stream.AbstractPipeline.copyInto(AbstractPipeline.java:488)
at java.base/java.util.stream.AbstractPipeline.wrapAndCopyInto(AbstractPipeline.java:474)
at java.base/java.util.stream.FindOps$FindOp.evaluateSequential(FindOps.java:150)
at java.base/java.util.stream.AbstractPipeline.evaluate(AbstractPipeline.java:234)
at java.base/java.util.stream.ReferencePipeline.findFirst(ReferencePipeline.java:543)
at org.openqa.selenium.remote.ProtocolHandshake.createSession(ProtocolHandshake.java:128)
at org.openqa.selenium.remote.ProtocolHandshake.createSession(ProtocolHandshake.java:75)
at org.openqa.selenium.remote.HttpCommandExecutor.execute(HttpCommandExecutor.java:139)
at org.openqa.selenium.remote.service.DriverCommandExecutor.execute(DriverCommandExecutor.java:83)
at org.openqa.selenium.remote.RemoteWebDriver.execute(RemoteWebDriver.java:582)
at org.openqa.selenium.remote.RemoteWebDriver.startSession(RemoteWebDriver.java:216)
at org.openqa.selenium.remote.RemoteWebDriver.<init>(RemoteWebDriver.java:136)
at org.openqa.selenium.chromium.ChromiumDriver.<init>(ChromiumDriver.java:75)
at org.openqa.selenium.chrome.ChromeDriver.<init>(ChromeDriver.java:163)
at org.openqa.selenium.chrome.ChromeDriver.<init>(ChromeDriver.java:150)
at org.openqa.selenium.chrome.ChromeDriver.<init>(ChromeDriver.java:105)
at com.voya.data.Base.BrowserInitialization(Base.java:52)
at com.voya.testcases.GitHubHomePageTestCase3.setup(GitHubHomePageTestCase3.java:18)
at java.base/jdk.internal.reflect.NativeMethodAccessorImpl.invoke0(Native Method)
at java.base/jdk.internal.reflect.NativeMethodAccessorImpl.invoke(NativeMethodAccessorImpl.java:62)
at java.base/jdk.internal.reflect.DelegatingMethodAccessorImpl.invoke(DelegatingMethodAccessorImpl.java:43)
at java.base/java.lang.reflect.Method.invoke(Method.java:566)
at org.testng.internal.MethodInvocationHelper.invokeMethod(MethodInvocationHelper.java:134)
at org.testng.internal.MethodInvocationHelper.invokeMethodConsideringTimeout(MethodInvocationHelper.java:63)
at org.testng.internal.ConfigInvoker.invokeConfigurationMethod(ConfigInvoker.java:348)
at org.testng.internal.ConfigInvoker.invokeConfigurations(ConfigInvoker.java:302)
at org.testng.internal.TestMethodWorker.invokeBeforeClassMethods(TestMethodWorker.java:176)
at org.testng.internal.TestMethodWorker.run(TestMethodWorker.java:122)
at java.base/java.util.ArrayList.forEach(ArrayList.java:1540)
at org.testng.TestRunner.privateRun(TestRunner.java:766)
at org.testng.TestRunner.run(TestRunner.java:587)
at org.testng.SuiteRunner.runTest(SuiteRunner.java:384)
at org.testng.SuiteRunner.runSequentially(SuiteRunner.java:378)
at org.testng.SuiteRunner.privateRun(SuiteRunner.java:337)
at org.testng.SuiteRunner.run(SuiteRunner.java:286)
at org.testng.SuiteRunnerWorker.runSuite(SuiteRunnerWorker.java:53)
at org.testng.SuiteRunnerWorker.run(SuiteRunnerWorker.java:96)
at org.testng.TestNG.runSuitesSequentially(TestNG.java:1187)
at org.testng.TestNG.runSuitesLocally(TestNG.java:1109)
at org.testng.TestNG.runSuites(TestNG.java:1039)
at org.testng.TestNG.run(TestNG.java:1007)
at org.testng.remote.AbstractRemoteTestNG.run(AbstractRemoteTestNG.java:115)
at org.testng.remote.RemoteTestNG.initAndRun(RemoteTestNG.java:251)
at org.testng.remote.RemoteTestNG.main(RemoteTestNG.java:77)
]]>
    </error>
  </testcase> <!-- setup -->
  <system-out/>
  <testcase classname="com.voya.testcases.GitHubHomePageTestCase3" name="GitHubHomeTestcase3" time="0.000">
    <skipped/>
  </testcase> <!-- GitHubHomeTestcase3 -->
  <system-out/>
</testsuite> <!-- com.voya.testcases.GitHubHomePageTestCase3 -->
